c:\users\quentin\source\repos\quentinslib\quentinslib\x64\debug\quentinslib.pch
c:\users\quentin\source\repos\quentinslib\quentinslib\x64\debug\quentinslib.pdb
c:\users\quentin\source\repos\quentinslib\quentinslib\x64\debug\quentinslib.idb
c:\users\quentin\source\repos\quentinslib\quentinslib\x64\debug\pch.obj
c:\users\quentin\source\repos\quentinslib\quentinslib\x64\debug\quentinslib.obj
c:\users\quentin\source\repos\quentinslib\quentinslib\x64\debug\dllmain.obj
c:\users\quentin\source\repos\quentinslib\x64\debug\quentinslib.lib
c:\users\quentin\source\repos\quentinslib\x64\debug\quentinslib.dll
c:\users\quentin\source\repos\quentinslib\x64\debug\quentinslib.ilk
c:\users\quentin\source\repos\quentinslib\x64\debug\quentinslib.pdb
c:\users\quentin\source\repos\quentinslib\quentinslib\x64\debug\vc142.idb
c:\users\quentin\source\repos\quentinslib\quentinslib\x64\debug\vc142.pdb
c:\users\quentin\source\repos\quentinslib\quentinslib\x64\debug\quentinslib.tlog\cl.command.1.tlog
c:\users\quentin\source\repos\quentinslib\quentinslib\x64\debug\quentinslib.tlog\cl.read.1.tlog
c:\users\quentin\source\repos\quentinslib\quentinslib\x64\debug\quentinslib.tlog\cl.write.1.tlog
c:\users\quentin\source\repos\quentinslib\quentinslib\x64\debug\quentinslib.tlog\lib-link.read.1.tlog
c:\users\quentin\source\repos\quentinslib\quentinslib\x64\debug\quentinslib.tlog\lib-link.write.1.tlog
c:\users\quentin\source\repos\quentinslib\quentinslib\x64\debug\quentinslib.tlog\lib.command.1.tlog
c:\users\quentin\source\repos\quentinslib\quentinslib\x64\debug\quentinslib.tlog\link.13200.delete.1.tlog
c:\users\quentin\source\repos\quentinslib\quentinslib\x64\debug\quentinslib.tlog\link.command.1.tlog
c:\users\quentin\source\repos\quentinslib\quentinslib\x64\debug\quentinslib.tlog\link.read.1.tlog
c:\users\quentin\source\repos\quentinslib\quentinslib\x64\debug\quentinslib.tlog\link.write.1.tlog
c:\users\quentin\source\repos\quentinslib\quentinslib\x64\debug\quentinslib.tlog\quentinslib.write.1u.tlog
